<?xml version="1.0" encoding="UTF-8"?>
<!-- Generated by org.testng.reporters.JUnitReportReporter -->
<testsuite skipped="0" hostname="DESKTOP-1KUVF5L" name="testNGClasses.TestingAddNewProduct" tests="1" failures="0" timestamp="2020-05-17T13:41:52 CEST" time="52.109" errors="0">
  <testcase name="checkNewProduct" time="52.109" classname="testNGClasses.TestingAddNewProduct"/>
  <system-out/>
</testsuite> <!-- testNGClasses.TestingAddNewProduct -->
