<?xml version="1.0" encoding="UTF-8"?>
<!-- Generated by org.testng.reporters.JUnitReportReporter -->
<testsuite skipped="0" hostname="DESKTOP-1KUVF5L" name="testNGClasses.TestingPrice" tests="1" failures="0" timestamp="2020-05-17T13:55:25 CEST" time="21.331" errors="0">
  <testcase name="checkPrice" time="21.331" classname="testNGClasses.TestingPrice"/>
  <system-out/>
</testsuite> <!-- testNGClasses.TestingPrice -->
